.................................................................O.................................................................
.........#.............#..#.................................#...OOO....#......##.............#.#..#.#......................##......
...#.................#.....#........#.#............#...#...#...OOOOO........##............#...#.............#.....#.......#........
...........#.#.#...........#................#....#............OOOOOOO.................#........#..#...............#................
...#.......#...#...#...........#.#....##...........#...#.....OOOOOOOOO.................#..................#..#.#..#....#.#.#.......
..##.#.................#........#...........................OOOOOOOOOOO.....#...#...................................#..............
......#......................##....##......#...............OOOOOOOOOOOOO...........#.........#........#...........#.#..............
...#.....#.......#...............#....##...#......#..#....OOOOOOOOOOOOOOO....#...#.#....#.........#.#.......#......................
..................................#...#.............#....OOOOOOOOO#O#OOOOO.........#.......#.....................#.#...............
..#........#...............#....#....##.....#.....#.....OOOOOOOOOOOOOOOOOOO......#.....#...#...#..#..............#.................
.#................................#.............##.....OOOOOOOOOOO#OOO#OOOOO..............#............#.#....#...#.#.....#..#.....
..............#......#......................#.........OOOO#OO#OOOOOOOOOOOOOOO..........#......##....#...........#.........#...###..
...#..............#.............#.....##.........#...OOOOOOOOOOOOOOOO#OOO#OOOO.......#.....#..........#...............#.........#..
...#........#......................#.#....#...#.....OOOOOOOOOO#OOOOOOOOOOOOOOOO....................#.#..#..........................
..........#.#.........#...#...#..........#..#......OOOOOOOOO#OOOOOOOOO#OOOO#OOOO..............................##.#.................
..#...........#...............#.........#...#.....OOOO##OOO#OOOO#OOOOOOOOOOOOOOOO....#....#..#.....#.....###.#.....#...............
...........................................#.....OOOOOOOOOOO#OOOOOOOOOOOOOO##OOOOO.......#.....#...#...............#...##.....##...
.......#...........#....#.....#.................OOOOOO#O##OOOOOOOOOO#OOO#OOOOOOOOOO.......#.......#...................##...........
...........#.....#............#........#.......OOOOO#OOOOOOOOOO#OOOOOOOOO##OO#OOOOOO.............#..........................#......
.......#....#..##..........#..........#.......OOOOOOO#O##OOOOOOOOOOOOOOOOOOOOOOOOOOOO.................#.....#.....#...#.#....#.....
..#...#.............#......#.#....#....#.....OOOO#OOOOO#OOOOOOOOOOOO#OOOO#OOOOOOO#OOOO...#..#.#.....#...........#.............#.#..
...#.......#.....#...#.......##....#........OOOOOOOOOOOOOOOOOOOO#OOOOOOOOOOO#OOOOOOOOOO...................#........#........#....#.
.............#.....##.#............#.#.....OOOOOOOOOOOOOOOOOOOOOOOOOOOOOOOOOOOOOOO#OOOOO...#........#...#........#........##.#..#..
.....#..#..#......#.......................OOOOOO#OOOOOOO#OOOOOOOOO#OO#OOOOOOOOOOOOO#OOOOO...........##..#.........#........#.......
....#.......#...............#......#.....OOOOOOOOOOOOOOOOOOOOOOO#OOOOOOO#O#OOOOOOOOOOOOOOO..............................#..#.......
.....#.........#..............#.........OOOOO#OOOOOOOOOOOOOOO#OOOOOOOOOO#OOOOOOOOOOOOOOOOOO.......#.#...#..#.......#........#...#..
.........................#.............OOOOOOOOOOOOOOOO#OOO#OOOOOOO#OOOOOOOOOOOOOOOOOOOOOOOO........#.....#.#.....#...........#....
..............#......#................OOOOOO##OOOO#OOOOOOOOOOOOOOOO#OOOO#OOOOOOOOOOO##OOOOOOO..........#.........#.....##..........
..........#.....................#....OOOOO#OOOOOOOOOOO#OOOOO#OOOOOOOO#OOOOOOOOOOOOOOOOOOOOOOOO...........#.........................
..#...#..##..............#..........OOOO#OOOOOOO#OOOOOOOOOOOOOOO#O#OOOOOOO#OOOOOOOOOOO#O#OOOOOO...........##......#.........#.#....
.....##........#....##......#......OOOOOOOOOOOO#OOO#OOOOOOOOOOOOOOOOOOO#OOOOOOOOOOO##O##OO#OOOOO......#............#...............
...#............#..#...#..........OOOOOOO#OOOOOOOOOOOOOOOOOOOOOOOOOOOOOOOO#OOOOO#OO#OOOOO#OOOOOOO....#..#......#.##...#..#.....#...
......#.#...#...#................OOOOOO#OO#OOOOOOOOOOOOOOOOOOOO#OOOOOOOOOOOOOOOOOOOOOOOOOOOOOOOOOO....#......#...........#..#...#..
................................OOOOOOOOOOOOOO#OO##OOOOOOOOOOOOOOO#OOOOOOO#OO#OOO#OOOOOOO##O#O#OOOO.....................#...#......
..#......#...#...........#.....OOOOO#OOOOOOOOOOOOOOOOOOOOO#OOOOOOOOOO##OOO#OOOO#O#OOOOOO#OO#OOOOOOOO...............................
....#.......##................OOOOOOOOOOOOOOOOOOOOOOOOOOOOOO#OOOOOOOO##OOOOO#OOOOOO#O#OOOOOOOOOOOOOOO...............#........#.....
..................##..#......OOOOOOOOOOOOOOOOOOOOOOOOOOO#OOOOOOOOOOOOOOOOOOOOOOOOOOOOOOOOOOOOOOOOOOOOO...........#............#....
......#....#................OOOOOOOOO#O#OOOOOO#OOOOO##OOOOOO#OOOOOOOO#O#OOOOOOOO#OOOOOOOOOOOOO#OOOOOOOO...#..................#.....
.##....................#...OOOOOOOOOO#OOOOO#OOOOOOOOOO#OOO#OOOOOOOOO##OOOOOOOOOO#OOOOOOOOOOOO##OOOOOOOOO....#........#.............
..............#.....#.....OOOOOOO#OOOOOOOOOOOOOOOOOOOOOOO#OOOOO##OOOOOOOOO##OO#OOOOOOOOOOOOOOOOOOOOOOOOOO..............#...........
..............#..........OOOOOOOOOOOOOOOOOOOOOOOOO#O#O#OOOOOO#OO#OOOO#OOOOOOOOOOOO##O#OO#OOOOOOOOOOOOOOOOO................#........
....#..#................OOOOOOOOOOOO#OO#OOO#OOOOOOOOOOOOOOOOOOOOOOOOOOOOOOOOOOOOOOOOOOOOOOOOOOOOOOO#OOOOOOO....................#...
........#......#.......OOOO#O#OOOOOOOOO##O#OOOOOOOOOOOOOOOO#O##OOOOOOOOOOOOOOOOOOOOO#OOOOOOOOOOOOOOOOOOOOOOO........#..............
......................OOOOO#OOOOOO#OOOOOOOOOOOOOOOOOOOOOOOOO#OO#OO#OOOOOOOOOOO#OOOOOOOOOOOOOOOOO#OOOOOOOOOOOO.................#..#.
......#..............OOOOO#OOO#OOOOOOOOO#OOOOO#OOOOOOOOO#OOOOOOO#OOOO#OOOOOOO#OOOOOO#OOO#OOOOOOOOOOOOOOOOOOOOO............#........
....#.#..#...#......OOOOO#OOOO#OOOOOOOOOOO#OOOOOOOOOO#OOOOOOOOO#OOOOOOOOOOOOOOOOOOOOOOOO#O#OOOOOOOOOOOOOOO#OOOO.........#..........
.#............#....OOOOOOOOOOOOOOOOOOOOOOOOOOOOOOOOOOO#OOOOOO#O#OOOOOOOOOOOO###OOOOOOOOOOOOOOOOOOO##OOOOO#OOOOOO.......#...........
.......#..........OOOOOOOOOOOOOOOOOOOOOOOOOO#O#OOOOOOOOOO#O#OOO#OOOOOOOOO#OOOOO#OOOOOOOOOOOOOOOO#OOOOO#OOO#OOOOOO..................
...........#.....OOOOOOOOOOOOOOOOOO##OOOOO#OO#OOOOOOOO##OOOOOOOOOOOOOO#OOOOOOOOOOOOO#OOOOOOOOOOOOOOOOOOOOOOOOOOOOO..............#..
........#.##....OOOOO#OOOOOOOOOO#OOOOOOOO#OOOOOOOOOOOOOOOOO#OOOOOOOOOOOOOO#OOOOOO###OOOO#OOOOOOOO#OOOOOOOOOOOOOOOOO....#.#.....#...
.....##.#......OOOOOOOOOOOOO#OOOOOOOOOOOOO#OOOOOOOOOOOOOOOOOOOOOOOO#OOOOOOOOOOOOOOOOOO#OOOOOOOOOOOOOOOOOO###OOOOOOOO.....#.........
..............OOOOOOOO#OOOOOOOOOOOOO#O#OOOOO#OO#OOOOOOOOOOOO#OOOOOO#OOO#O#OOOOOOOOOOOOOOOOO#OOOO#OOOOOOOO#OOOOOOOOOOO........#.....
..#..........OOOOOOOO#O#OO#OOOOOOOOOOOO#OOOOOOO#OOOOOOOOOOOOOOOOOOOOOOOOOOOOOOOOOOOOOOOOOOOOOOOOOOOOOOOOOOOOOO#O#OOOOO...........#.
..#...#.....OOOOOOOOOOOO#OO#OOOOOOOOO#OOOOOOOO#OOO#O#O#OOOOOO#OOOO#O#OOO#OOOOOOOOOOOO#OOOOOOOOOOO#OOOOOOO#OOOOOOOOOOOOO............
..#........OOOOOOOOOOOOOOOO##OOOOOOOOOOOOOOOOOOOOOOOOOOOOOOO#OOOOOOO#OOOOOOO##OOOOOOOOO#OOOO#OOOOOOOO#OOOOOO#OOOOOOOOOOO....#......
..........OOOOO#O#OOOOOOOOOOO#OOOOOOOOOOO#OOOOOOOOOOOOOOOO#O#OO#OOOOOOOOO#OOOOOOOOO#OOOOOOOOO#OOOOOOOOOOOOOOOOOO#OO#OOOOO.....#....
.........OOOO#OOOOOO#OOOOOO#OO#O#OOOOOO#OOO#O#OOOOOOOOOOOOOOOOOOOOOOOOOOOOOOOOO#OOOOOOOO#OO#OOOOOO#OOOOOOOOOOOOOOOO#OOOOOO.....##..
........OOOO#OOOOOOOOOOOOOOOOOOOOOOOOO#OOOOOOOOOOOOOOOOOOOOOOOOOOOOOOOOOO#OOOOOO#OOOOOOOOOOO#OOOOOOOO#OOOOOOOOOOOOOOOOOOOOO........
...#...OOOO#OOOOOOOOOOOOOOOOO#OOOOOOOOOOOO#OOOOOOOOOOOOOOOOOOOOOOOO#O#OOOOOOOOOOO#O#OOOOOOOOOOOOO#OOOOOOOOOOOOOOOOOOOOOOOOOO.......
......OOOOOOO#OOOOOOO#OOOOOOOOO#OOOOOOOOOOOOOO#OO#OO#OOOOOOO#OOOOOOOOOOOOOO##OOOOOOOOO#OOOO#OOOOOOOO##O#OOO#OOOOOOOOOOOOOOOOO......
.....OOOOOOOOOOOOOOOO#O#OOOOOOOOO#OOOOO#OO#OOOOOOOOO#OOOOOOOOOOOOOOOO##OOOOO#O#OOOOOOOOOOOOOOOOOOOO#OOOOOOOO#OOOOOOOOOOOOOOOOO.....
....OOOO#OOOOOOOOO#OOOOOO#OOO#O#OOOOOOOOOOOOOOOOOOOOOOOOOOOO#OOOOOOO#OOOOOOOOOOOOOO#OOOO#OOOOOOOOOOOO#OO###OOOO#OOOO#O#OOOOOOOO....
...OOOOOOOOOOOOOOO#O##OO##OOOOO#OOOO#OOOOOOOOOOOOOOOOOOOOOOOO#OO#OOOOOOOOOOOOOOOOOOOO#OO#OOOOO#OO#OOOOOOOOOOOOOO#OOOOOOOOOOOOOOO...
..OOOOOOOO#OO##OOOOOOOOOO#OOOOOOO##O#OO#OOOOOOOOOOO#OOOOOOOOOOOOOO#OO#OOOOOOOOOOOOOOOOOOOOOOOOOO#OOOO#OOOOOOOO#OOOOOOOO#OOOOOOOOO..
.OOOOOOOOOOOO#OOO#OO#OOOOOO#O#OOOOOOOOOOOOOOOOOOOOOOOOOOOOOOOOOOOOO#OO#OOOOOOOOOOOOO#OOOOOOO#OOOO#OOOOOOOOOOOO#OOOOOOOOOOOOOOOOOOO.
OOOOOOOOOOOOOOOOOOOOOOOOOOOOOOOOOOOOOOOOOOOOOOOOOOOOOOOOOOOOOOOOOOOOOOOOOOOOOOOOOOOOOOOOOOOOOOOOOOOOOOOOOOOOOOOOOOOOOOOOOOOOOOOOOOO
.OOOOOOOOOOOOOOOO##O#OOO#OOOOOOO#OOOOOOOOOOOOOOOOOOOOO#O#OOOOOOOOOOOOOO#OOOOOO#OOOOOOOOOO#O##OOOOOOOOO#OOOOOOOOO##OOOOOOOOOOOOOOOO.
..OOOOOOOOOOOOOOOOOOOOOOOOOO#OO#OOOOOOOOOOOOOOOOOO#OOOOOOOOOOOO##OOOOOOOOOOOOOOOO#OOOOOOO#OOOOO##OOOOOOOOOOOOOOOOOOOOOOOO##OOOOOO..
...OOOOOOOOOOOOOOO#OOOOOOOOOOOOOOOOOOOOOO#OOOOOOOOOOOO#OOOO#O#OO#OOOOO#OOOOOOOOOO#O#OOOOOOOOOOOOOOOOOOOOOOOO#OOOOOOO#OOOO#OOOOOO...
....OOOO##OOOOO#O#OOOOOOOOOOOOOOOOOOOOOOOOO#OO#OOOOO#OOO#OOOOO#OOOO#OOO#OOO#OOOOOOOOOOOO#OOOOOOOOOOOOOOO#O#OOOOOOOOOOOOOOOOOOOO....
.....OOOOOOOOO#OOOO#O#OOOOOOOOOOOOOOO#OOOOOO#OOOOOOOOOOOOOOOOOOOOOOOOOOOOOOO#OOOOOO#OOOOOO#OOOOOOOOOOOOOO#OOOOOOOOOOOOOOOOOOOO.....
.#....OOOOOOOOO##OO#OOOOOOOOOOOOOOOOOOO#OOOOOOO#OOOOOOOOOOO#OOO#OOOOOOOOOOOOOOOO#OOOOOOO#OOOOOOOOO#O#OOO#OOOOOOOOOO#O#OO#OOOO......
.......OOOOOOOOOOOOOOO#OOOOOOOOOOOOOOOOOOOO#OOOOOOOOOOOOOOOOOOOOOOOOO#O#OOOOOOOO#OOOOOOOO#OOOOOOOOOOOO#OOOO#OOOOOO#OOOOOOOOO....#..
...#....OOOOOOOOOOO#OOOOOO##OOOOOO#OOOOOOO#OOOOO#OO#OOOOO#OOOOOOOOOOOOOOOOO#OO#O#OOOOOOOOO#OOOOO#OOOOOOOO#OOOO#OOOOOOOOOOOO........
.........OOOOOOOOOOOOO#OOOO#OOOOOOOOOOOOOOO#OOOOOOOOOOOOOOOOOOOOOOOOOOOOOOOOOOOOO#OOOOOOOOOOOOOOOOO#OOOOOOOOOOOOOOOOOOOOOO...#.#...
.....#....OOOOOOOOO#OOOOOOOOOOOOOOOOOOOOO#OOOOOOOOOOOOOOOO#OOOOOOO##OOOOOOOOOOOOOOOOOOOOOOOOOOOOOOOOOOOOOOOOOOOOOOOOOOOOO..........
...#.......OOOO#OOOOOOOOOOOOOOOOOO#OOOOOOOOOOOO#OOOOOOOO#OOOOOOOOOOOOOOO#OOOOOOOOOOOOO#OOOOOOOOOOOOOOOOOOOOOOOOOOOOOOOOO.....#.#...
.....#......OOOOOOOOO#O#OOOOOO#O#OOO#OO#OOO#OO#OOOOOOOO#OOOOOOOOOOOOOOOOOOOOOOOOOOOOO#OOOOOOOOOOOOO#OOOOOOOOOOOOOOOOOOO......#.....
.#...........OOOOOO#OOOOOOOOOOOOOOOOOOOOO#OOOOOOO#OOOOOOOOOO#OOOOOOOOOO#OOOO#OOOOOOO#OOOOOOOOOOOO#OOO#OOO#OOOOOOOOOOOO.............
.........#....OOOOOOOOOO##OOOOOOOOOOOOOOO#OOOOOOOOOOOOO#OO#OOO#OOOOOOOOOOOOOO##OOOO#OO#O#O#OO#OOO#OOOOO#OOO#OOOOOOOOO............#.
.#.......#.#...OOOOOOOOOOOOOOOO#O#OOOOOOOOOOOOOOO#OOOOO#OOO#OOOOOOOOOOOOOOOOOOOOOOOOOOOO#OOOO#OOOOOO#OOOOOOOOOOOOOOO...............
................OOOO#OOO#OOOOO#OOOOOOOOOOOOOOOO#OOOOOOOOOO#OOOOOOOOOOOOOOOOOOOOOOOOOOOOOOOOOOOOO#OOOO#O#OOOOO#OOOOO................
.................OOOOOOOOOOOOOOOOOOOOOOOO#OOOOO#OOOOOOOOOOOOOOO#OOOOOOO#OOOOOOOOO#O#O#OOOOOO#OOO#OOOOOOOOOOOOOOOOO........#...##...
..#.##............OOOOOOOOOOOOOOO#O#OOOOOOOOOOOOOOOOOOOOOOOOOOOOOOOOOOOOOOOOOOOOOOOOO#OOOOOOO#O#OOOOOOOOOOOOOOOOO...#.....#..##....
..#.........#..#...OOOOO##OOOOOOOOOOOOOOOO#OOOOOOO#OOOOOOOOOOOOOOOOOO#O#OOOOOOOOO#O#OOOOOOO#OOOOOOOOOOOOOOOOOOOO............#......
....#....#..........OOOOOO#OOOOOOOOOO#O#OOOOOOOOOO#OOOOOOOOOOO#OOO#OOOOOOOOOOOO#OOOOO#OOOOOOOOOOOOOOOO#OOOOOOOO......#..#....#.....
..#.............#....OOOO#OOOOO#OOO#OOOOOOOOOO#OOOOOOOOO#OOOOOOOOOOO#OOOOOOO#OOOOOOOOOOOOOOOOOOOOOOOOOOOO#OOOO..............#.##...
....##...........##...OOOOOOOOOO#OOOOOOOOOOO#OOOOOO#OOOOOOOOOO#OOOOO#OOOOOOOOOOOOOOOOOOOOOOOO#O###OOOOOOOOOOO.....#.......#.....#..
........#..#...........OOOOOOOOOOOOOOOOOOOOOOOOOOOOOOOOOOOOOOOOOOOO#OOOOOOO#OOOOOOOOOO##O#OOOOOOOOOO#O#OOOOO........#.....#.#.#.#..
.#.#......#####.........OOOOOOOO#OOOOOOOOOOOOOOOOOOOOOOOOOOOOOOOOOOOO#OOO#OO#OOOOOOOOOOOOOO#OOOO#O#OO##OOOO........#..#............
...........#....#........OOOOOOO##O#OOOOOO#OOOO#OOO#OOOOOOOOOOOOOOOOOOOOOOOOOOOOOOOOOOOOOOOOOOOO#OOOO#OOOO.....................#...
....#.............#.......OOOOOOOOOOOOOOOOOOOOOOOOO#OOOOOOO#OOO#OOOOOOOOOO##OOOOOOOOOOOOOOOOOO#OOOOOOOOOO.....................#....
........#.#.#..#...........OOOOOOOOOO#OOOOO##O#OO#OOOOOOO#OOOOOOOOOO#OOOOOOOOOOOOOOOOOOOOOOOOOOOO#OOOOOO..................#........
...........#................OOOOO##OOOOOOOOO#OOO#OOOOOOOOOO#OOOOOOOOOOOOOOOOOOOO##OOOOOOOOOOOOOOOOOOOOO...............##....#...#..
.....#.#.....................OOOOOOOOOOOOOOOOO##OOOOOOOO#OOOOOOOOOOOOOOOOOO#OOOOOOOOOOOOOOOOOOOOOOOOOO......#.........#............
...#....#......#.....#........OOOOOOOOOOOO#OOOOOOOOOOOOO#OOO#OOOOOO#O#OOO#OOOOOOOOOOOO#OO##OOOOOOOOOO.................#........#...
..#....................#.......OOOOOOOOOOOOOOOOOOOOOO#OOOOOOOOOO#OOOOOOOOOOOOOOOOO##OO##O#OOO#OOOOOO.............#....#.....##.....
................................OOOOOOOOOOO##OOOOOOOOOOOOOOOO#OO#OOOOOOOOOOOOOOOOOOOOOOOOOOO#OOOOOO.......#.....#.............#.#..
.....................#......#....OOOOO#OOOOOO#OOOOOOO#OOOOOOOOOOOOOOOOOOOOOOOOOOOOO#OOOOOOOOOOOOOO.................#........###....
............#........#......#.#...OOOOOOOOOOO##OOOOOOOOOOOOOOOO#OOO#OOOOOOOOOOOOOOOOOOOOOOOOOOOOO......................#...........
.................#...........#.....OOOOOOOOOOOOOOO#OO#OOOOOOOOOOOO#OOOOOOOOO#OOOOOOOOOOOOOOOOOOO...#..#.....................#......
.#..............#............##.....OOOOOOOOOOOOO#OO#OOO#OOOO#OOOO##OOOOOOO#OO#O#OOOOOOOO#OOOOO....#.......#..#...#................
............#...#....................OOOOOOOOOOOOO#O#OOOOOOOOOOOOOOOOOOOOOOOO###OOOO#OOOOOOOOO.................#.................#.
.......#.....#.........#..............OOOOOO#OOOOOOOOOOOOO#OOOOOOOOOO#OOOOOOOOOOOO#OOOOOOOOOO..................................##..
............#..#..............#....#...OOOOOOOOO#OOOOOOO#OOO#OOOOO#OOOOOOOO#OOOOOOOO#OOOOOOO....#..#...#.....................#.#...
....#.#...........................#.....OOOOOOOOO#OOOOOOOOOOO#OOOOOOO#OOOOOOOOOOOOOOOO#OOOO.......#.##.....#............#..#.......
..........#...........#...#......#.......OOOOOOOO#OOOOOOOOOOOOO#OOOOOOO#OOOOOOOOOOOOOOOOOO....#..........................#.........
..#.......#.#............#.......#........OOOOOOO#OOOOOOO#OOOOOOOOOOOOOOOOOOOOOOOOOOOOOOO.................#.......#................
............#..............#........#......OOOO#OOO#OOOOOOOOOOOOOOOOOOOOO#OOOO#OOOOOOOOO....#.#.###.......#....#...................
....#..........#.#.....#.............#......OOOOOOOOOOO#OOOOOO##OOOOOOOOO#OOOOOOO#OOOOO.....#..................#........#..........
..#.#.#.........##....#.........#............OOOOOOOOOOOOOO###OOOOOOOOOOOOOOOOOOOOOOOO....#......##...#.......#........#.......#...
....#....#.....................#..............OOOO#O#O#OOOOOOOOOOOOOOO#OOOOOOOO#OOOOO.....................#.....#..............##..
.......#...#......#.......#..............#.....OOOOOOOOOOOOO#O##OOOOOOOO#O#OOOOOOOOO........................#......#..........#....
...#.....#...........##..##....#.....#..........OOOOOOO#OOOOOOOOOOOOOOOOOOOOOOOOOOO..........#......#....##...#.............#......
..........#.........................#............OOOOOOOOOOOOOOO#O#OOOOOOOO#OOOOOO...#..#.....#.........#....#..##...#.#......#....
............................#.....#.#..#...#......OOOOOOOOOOOO#OOOOOOOOOOOOOOOOOO...#........##..#............#....................
......#.............#..............................OOOOOOOOOO#OOOOOOOOO#OOOOOOOO................#..#...........#...#..#.....#......
...........#.....#................#.#..#........#...OOOOOOOO#OOOOO##OOOOOOOOOOO....................#...............#..........##...
......................#.........................#....OOOOO#OOOO#OOOOOOOOOOOOOO.................##.......#..#....#...#..............
..#.....#.......#....................##...........#...OOOOOOOO#OOOOOOOOOOOOOO...#.......#..........................................
....#....#..#............#......#..#..#.#..#......#....OOOOOOOOOOOOOOO#OOOOO....#...............#.#..#....................#........
........##..............................#.#.............OOOO##OOOOOOOOOOOOO.........#...............#..#......#......#..........#..
.....#..#...........#.#.......#...............#..........OOOOOOOOOOOOOOOOO......#......#...........................................
....##.##............#..............#..#..............#...OOOOOO#OOOOOOOO...........................#.......#......................
.....#....#.....#........#......#..........................OOOO#OOOOOOOO...#.........##......#...#............##...................
....#..........#..#............##..#....#.#....#..#.........OOOO#OOOOOO.....#.#............#......#........#.......#.#.............
........#..##.....#......##...............#......#.#.........OOOOOOOOO...........#..#...#........#....#..............#........#....
..#.................#....#...#........##.....#................OOOOOOO......#..#.#......#.....#...#................#................
...........#.#....................#.......##...................OOOOO.................#..............#..#.............#.......#.....
..#.....#......#.....................................#..........OOO.........................#................#.#........#..........
.................................................................O.................................................................
